Traceback (most recent call last):
  File "/opt/conda/lib/python3.7/site-packages/jupyter_cache/executors/utils.py", line 56, in single_nb_execution
    record_timing=False,
  File "/opt/conda/lib/python3.7/site-packages/nbclient/client.py", line 1112, in execute
    return NotebookClient(nb=nb, resources=resources, km=km, **kwargs).execute()
  File "/opt/conda/lib/python3.7/site-packages/nbclient/util.py", line 74, in wrapped
    return just_run(coro(*args, **kwargs))
  File "/opt/conda/lib/python3.7/site-packages/nbclient/util.py", line 53, in just_run
    return loop.run_until_complete(coro)
  File "/opt/conda/lib/python3.7/asyncio/base_events.py", line 587, in run_until_complete
    return future.result()
  File "/opt/conda/lib/python3.7/site-packages/nbclient/client.py", line 554, in async_execute
    cell, index, execution_count=self.code_cells_executed + 1
  File "/opt/conda/lib/python3.7/site-packages/nbclient/client.py", line 857, in async_execute_cell
    self._check_raise_for_error(cell, exec_reply)
  File "/opt/conda/lib/python3.7/site-packages/nbclient/client.py", line 760, in _check_raise_for_error
    raise CellExecutionError.from_cell_and_msg(cell, exec_reply_content)
nbclient.exceptions.CellExecutionError: An error occurred while executing the following cell:
------------------
for idx,G in enumerate(d):
    G.edge_weight = torch.ones(G.edge_index[0].shape)
    adj = torch_sparse.SparseTensor(row=G.edge_index[0],col=G.edge_index[1],value=G.edge_weight)
    
    # Compute degree centrality
    y = torch_sparse.sum(adj,dim=1)
    
    # Assign as target
    G.y = y
    d[idx] = G
    
train,test = d[:2000],d[2000::]

train_loader = torch_geometric.data.DataLoader(train,batch_size=200,shuffle=True)
test_loader = torch_geometric.data.DataLoader(test,batch_size=200,shuffle=True)
------------------

[0;31m---------------------------------------------------------------------------[0m
[0;31mNameError[0m                                 Traceback (most recent call last)
[0;32m<ipython-input-3-4ad1b9350783>[0m in [0;36m<module>[0;34m[0m
[0;32m----> 1[0;31m [0;32mfor[0m [0midx[0m[0;34m,[0m[0mG[0m [0;32min[0m [0menumerate[0m[0;34m([0m[0md[0m[0;34m)[0m[0;34m:[0m[0;34m[0m[0;34m[0m[0m
[0m[1;32m      2[0m     [0mG[0m[0;34m.[0m[0medge_weight[0m [0;34m=[0m [0mtorch[0m[0;34m.[0m[0mones[0m[0;34m([0m[0mG[0m[0;34m.[0m[0medge_index[0m[0;34m[[0m[0;36m0[0m[0;34m][0m[0;34m.[0m[0mshape[0m[0;34m)[0m[0;34m[0m[0;34m[0m[0m
[1;32m      3[0m     [0madj[0m [0;34m=[0m [0mtorch_sparse[0m[0;34m.[0m[0mSparseTensor[0m[0;34m([0m[0mrow[0m[0;34m=[0m[0mG[0m[0;34m.[0m[0medge_index[0m[0;34m[[0m[0;36m0[0m[0;34m][0m[0;34m,[0m[0mcol[0m[0;34m=[0m[0mG[0m[0;34m.[0m[0medge_index[0m[0;34m[[0m[0;36m1[0m[0;34m][0m[0;34m,[0m[0mvalue[0m[0;34m=[0m[0mG[0m[0;34m.[0m[0medge_weight[0m[0;34m)[0m[0;34m[0m[0;34m[0m[0m
[1;32m      4[0m [0;34m[0m[0m
[1;32m      5[0m     [0;31m# Compute degree centrality[0m[0;34m[0m[0;34m[0m[0;34m[0m[0m

[0;31mNameError[0m: name 'd' is not defined
NameError: name 'd' is not defined

